17:54:18.709 INFO  - Processing command line option -hwspec C:\Designs\Inzynierka_Adam_17_01_switchV2_synth\Inzynierka_Adam_17_01_switchV2\SDK\SDK_Export\hw\system.xml. 
17:56:23.975 INFO  - FPGA configured successfully with bitstream "C:/Designs/Inzynierka_Adam_17_01_switchV2_synth/Inzynierka_Adam_17_01_switchV2/SDK_WORKPLACE/Inzynierka_Adam_17_01_switchV2_hw_platform/download.bit" 
17:56:54.381 INFO  - microblaze_0 Processor is in use. Please stop existing Run or Debug sessions before launching. 
17:57:14.615 INFO  - microblaze_0 Processor is in use. Please stop existing Run or Debug sessions before launching. 
17:57:47.865 INFO  - microblaze_0 Processor is in use. Please stop existing Run or Debug sessions before launching. 
17:58:42.428 INFO  - microblaze_0 Processor is in use. Please stop existing Run or Debug sessions before launching. 
17:59:00.631 INFO  - microblaze_0 Processor is in use. Please stop existing Run or Debug sessions before launching. 
17:59:09.412 INFO  - FPGA Cable Disconnected. All active launches will be terminated. 
17:59:09.412 WARN  - Terminating existing sessions on processor microblaze_0 
17:59:29.694 ERROR - Checking FPGA configuration failed..Connection to Board Failed


    Failed to connect to Xilinx hw_server. Check if the
    hw_server is running and correct TCP port is used.
 
17:59:54.834 INFO  - FPGA configured successfully with bitstream "C:/Designs/Inzynierka_Adam_17_01_switchV2_synth/Inzynierka_Adam_17_01_switchV2/SDK_WORKPLACE/Inzynierka_Adam_17_01_switchV2_hw_platform/download.bit" 
18:01:21.631 INFO  - microblaze_0 Processor is in use. Please stop existing Run or Debug sessions before launching. 
18:01:30.209 INFO  - microblaze_0 Processor is in use. Please stop existing Run or Debug sessions before launching. 
18:01:50.053 INFO  - microblaze_0 Processor is in use. Please stop existing Run or Debug sessions before launching. 
18:02:24.709 ERROR - Checking FPGA configuration failed..Connection to Board Failed


    Failed to connect to Xilinx hw_server. Check if the
    hw_server is running and correct TCP port is used.
 
18:02:50.131 INFO  - FPGA configured successfully with bitstream "C:/Designs/Inzynierka_Adam_17_01_switchV2_synth/Inzynierka_Adam_17_01_switchV2/SDK_WORKPLACE/Inzynierka_Adam_17_01_switchV2_hw_platform/download.bit" 
18:04:16.272 INFO  - microblaze_0 Processor is in use. Please stop existing Run or Debug sessions before launching. 
18:04:24.272 INFO  - microblaze_0 Processor is in use. Please stop existing Run or Debug sessions before launching. 
18:04:35.209 INFO  - microblaze_0 Processor is in use. Please stop existing Run or Debug sessions before launching. 
18:05:04.959 INFO  - microblaze_0 Processor is in use. Please stop existing Run or Debug sessions before launching. 
18:05:12.553 INFO  - microblaze_0 Processor is in use. Please stop existing Run or Debug sessions before launching. 
18:05:31.569 INFO  - microblaze_0 Processor is in use. Please stop existing Run or Debug sessions before launching. 
18:05:48.397 INFO  - microblaze_0 Processor is in use. Please stop existing Run or Debug sessions before launching. 
18:05:56.100 INFO  - microblaze_0 Processor is in use. Please stop existing Run or Debug sessions before launching. 
18:06:10.694 INFO  - microblaze_0 Processor is in use. Please stop existing Run or Debug sessions before launching. 
18:06:56.303 INFO  - microblaze_0 Processor is in use. Please stop existing Run or Debug sessions before launching. 
18:07:16.740 INFO  - microblaze_0 Processor is in use. Please stop existing Run or Debug sessions before launching. 
18:07:26.240 INFO  - microblaze_0 Processor is in use. Please stop existing Run or Debug sessions before launching. 
18:07:36.678 INFO  - microblaze_0 Processor is in use. Please stop existing Run or Debug sessions before launching. 
18:07:46.881 INFO  - microblaze_0 Processor is in use. Please stop existing Run or Debug sessions before launching. 
18:08:40.912 INFO  - FPGA Cable Disconnected. All active launches will be terminated. 
18:44:15.959 ERROR - Unexpected error while parsing XMD response ?: com.google.gson.JsonSyntaxException: com.google.gson.stream.MalformedJsonException: invalid number or unquoted string near  
20:09:13.100 INFO  - Processing command line option -hwspec C:\Designs\Inzynierka_Adam_17_01_switchV4\Inzynierka_Adam_17_01_switchV4\SDK\SDK_Export\hw\system.xml. 
20:10:24.178 INFO  - FPGA configured successfully with bitstream "C:/Designs/Inzynierka_Adam_17_01_switchV4/Inzynierka_Adam_17_01_switchV4/SDK_WORKPLACE/Inzynierka_Adam_17_01_switchV2_hw_platform/download.bit" 
20:12:26.787 INFO  - microblaze_0 Processor is in use. Please stop existing Run or Debug sessions before launching. 
20:12:48.131 INFO  - microblaze_0 Processor is in use. Please stop existing Run or Debug sessions before launching. 
20:13:09.428 INFO  - microblaze_0 Processor is in use. Please stop existing Run or Debug sessions before launching. 
20:13:25.662 INFO  - microblaze_0 Processor is in use. Please stop existing Run or Debug sessions before launching. 
20:13:38.178 INFO  - microblaze_0 Processor is in use. Please stop existing Run or Debug sessions before launching. 
20:14:42.600 INFO  - microblaze_0 Processor is in use. Please stop existing Run or Debug sessions before launching. 
20:14:57.647 INFO  - microblaze_0 Processor is in use. Please stop existing Run or Debug sessions before launching. 
20:15:07.412 INFO  - microblaze_0 Processor is in use. Please stop existing Run or Debug sessions before launching. 
20:17:56.240 INFO  - microblaze_0 Processor is in use. Please stop existing Run or Debug sessions before launching. 
20:18:06.350 INFO  - microblaze_0 Processor is in use. Please stop existing Run or Debug sessions before launching. 
20:18:28.615 INFO  - microblaze_0 Processor is in use. Please stop existing Run or Debug sessions before launching. 
20:18:39.490 INFO  - microblaze_0 Processor is in use. Please stop existing Run or Debug sessions before launching. 
20:18:52.537 INFO  - microblaze_0 Processor is in use. Please stop existing Run or Debug sessions before launching. 
20:26:35.319 INFO  - microblaze_0 Processor is in use. Please stop existing Run or Debug sessions before launching. 
20:27:01.240 INFO  - microblaze_0 Processor is in use. Please stop existing Run or Debug sessions before launching. 
20:27:35.537 INFO  - microblaze_0 Processor is in use. Please stop existing Run or Debug sessions before launching. 
20:27:53.084 INFO  - microblaze_0 Processor is in use. Please stop existing Run or Debug sessions before launching. 
20:28:01.553 INFO  - microblaze_0 Processor is in use. Please stop existing Run or Debug sessions before launching. 
20:34:05.662 INFO  - microblaze_0 Processor is in use. Please stop existing Run or Debug sessions before launching. 
20:34:27.678 INFO  - microblaze_0 Processor is in use. Please stop existing Run or Debug sessions before launching. 
21:19:45.069 ERROR - Unable to disconnect from existing targets java.lang.NullPointerException
	at com.xilinx.sdk.targetmanager.internal.json.XMDJSONProcess.issueCommand(Unknown Source)
	at com.xilinx.sdk.targetmanager.internal.TM.disconnectTarget(Unknown Source)

21:19:45.147 ERROR - Unexpected error while parsing XMD response ?: com.google.gson.JsonSyntaxException: com.google.gson.stream.MalformedJsonException: invalid number or unquoted string near  
11:21:01.640 INFO  - Processing command line option -hwspec C:\Designs\Inzynierka_Adam_17_01_switchV4\Inzynierka_Adam_17_01_switchV4\SDK\SDK_Export\hw\system.xml. 
11:21:45.656 INFO  - FPGA configured successfully with bitstream "C:/Designs/Inzynierka_Adam_17_01_switchV4/Inzynierka_Adam_17_01_switchV4/SDK_WORKPLACE/Inzynierka_Adam_17_01_switchV2_hw_platform/download.bit" 
11:22:30.640 INFO  - microblaze_0 Processor is in use. Please stop existing Run or Debug sessions before launching. 
11:22:51.265 INFO  - microblaze_0 Processor is in use. Please stop existing Run or Debug sessions before launching. 
11:23:05.312 INFO  - microblaze_0 Processor is in use. Please stop existing Run or Debug sessions before launching. 
11:23:23.593 INFO  - microblaze_0 Processor is in use. Please stop existing Run or Debug sessions before launching. 
11:24:05.812 INFO  - FPGA configured successfully with bitstream "C:/Designs/Inzynierka_Adam_17_01_switchV4/Inzynierka_Adam_17_01_switchV4/SDK_WORKPLACE/Inzynierka_Adam_17_01_switchV2_hw_platform/download.bit" 
11:24:56.406 INFO  - microblaze_0 Processor is in use. Please stop existing Run or Debug sessions before launching. 
11:25:22.250 INFO  - microblaze_0 Processor is in use. Please stop existing Run or Debug sessions before launching. 
11:25:36.015 INFO  - microblaze_0 Processor is in use. Please stop existing Run or Debug sessions before launching. 
11:27:18.765 INFO  - microblaze_0 Processor is in use. Please stop existing Run or Debug sessions before launching. 
11:27:29.937 INFO  - microblaze_0 Processor is in use. Please stop existing Run or Debug sessions before launching. 
11:27:38.140 INFO  - microblaze_0 Processor is in use. Please stop existing Run or Debug sessions before launching. 
11:27:47.640 INFO  - microblaze_0 Processor is in use. Please stop existing Run or Debug sessions before launching. 
11:27:59.718 INFO  - microblaze_0 Processor is in use. Please stop existing Run or Debug sessions before launching. 
11:28:13.953 INFO  - microblaze_0 Processor is in use. Please stop existing Run or Debug sessions before launching. 
11:55:07.062 INFO  - microblaze_0 Processor is in use. Please stop existing Run or Debug sessions before launching. 
11:55:28.546 INFO  - microblaze_0 Processor is in use. Please stop existing Run or Debug sessions before launching. 
12:04:05.906 INFO  - microblaze_0 Processor is in use. Please stop existing Run or Debug sessions before launching. 
12:04:19.750 INFO  - microblaze_0 Processor is in use. Please stop existing Run or Debug sessions before launching. 
12:05:25.062 INFO  - microblaze_0 Processor is in use. Please stop existing Run or Debug sessions before launching. 
12:05:36.546 INFO  - microblaze_0 Processor is in use. Please stop existing Run or Debug sessions before launching. 
12:09:12.593 INFO  - microblaze_0 Processor is in use. Please stop existing Run or Debug sessions before launching. 
12:09:28.125 INFO  - microblaze_0 Processor is in use. Please stop existing Run or Debug sessions before launching. 
12:10:01.234 INFO  - microblaze_0 Processor is in use. Please stop existing Run or Debug sessions before launching. 
12:24:30.093 INFO  - microblaze_0 Processor is in use. Please stop existing Run or Debug sessions before launching. 
15:28:24.406 INFO  - microblaze_0 Processor is in use. Please stop existing Run or Debug sessions before launching. 
15:28:41.187 INFO  - microblaze_0 Processor is in use. Please stop existing Run or Debug sessions before launching. 
15:45:54.062 INFO  - microblaze_0 Processor is in use. Please stop existing Run or Debug sessions before launching. 
18:50:03.140 ERROR - Unable to disconnect from existing targets java.lang.NullPointerException
	at com.xilinx.sdk.targetmanager.internal.json.XMDJSONProcess.issueCommand(Unknown Source)
	at com.xilinx.sdk.targetmanager.internal.TM.disconnectTarget(Unknown Source)

18:50:04.015 ERROR - Unexpected error while parsing XMD response ?: com.google.gson.JsonSyntaxException: com.google.gson.stream.MalformedJsonException: invalid number or unquoted string near  
18:50:09.359 ERROR - Unexpected error while terminating XMD: {} org.eclipse.debug.core.DebugException: Terminate failed
	at org.eclipse.debug.core.model.RuntimeProcess.terminate(RuntimeProcess.java:224)
	at com.xilinx.sdk.targetmanager.internal.json.XMDJSONProcess.terminate(Unknown Source)

13:23:01.468 INFO  - Processing command line option -hwspec C:\Designs\Inzynierka_Adam_19_01_switchV4_maxfreq\Inzynierka_Adam_17_01_switchV4\SDK\SDK_Export\hw\system.xml. 
13:24:27.171 INFO  - FPGA configured successfully with bitstream "C:/Designs/Inzynierka_Adam_19_01_switchV4_maxfreq/Inzynierka_Adam_17_01_switchV4/SDK_WORKPLACE/Inzynierka_Adam_17_01_switchV2_hw_platform/download.bit" 
13:24:48.500 INFO  - FPGA configured successfully with bitstream "C:/Designs/Inzynierka_Adam_19_01_switchV4_maxfreq/Inzynierka_Adam_17_01_switchV4/SDK_WORKPLACE/Inzynierka_Adam_17_01_switchV2_hw_platform/download.bit" 
13:25:25.906 INFO  - microblaze_0 Processor is in use. Please stop existing Run or Debug sessions before launching. 
13:25:37.031 INFO  - microblaze_0 Processor is in use. Please stop existing Run or Debug sessions before launching. 
13:25:47.156 INFO  - microblaze_0 Processor is in use. Please stop existing Run or Debug sessions before launching. 
13:26:22.687 INFO  - microblaze_0 Processor is in use. Please stop existing Run or Debug sessions before launching. 
13:26:51.796 INFO  - microblaze_0 Processor is in use. Please stop existing Run or Debug sessions before launching. 
13:27:03.453 INFO  - microblaze_0 Processor is in use. Please stop existing Run or Debug sessions before launching. 
13:27:12.906 INFO  - microblaze_0 Processor is in use. Please stop existing Run or Debug sessions before launching. 
13:27:21.281 INFO  - microblaze_0 Processor is in use. Please stop existing Run or Debug sessions before launching. 
13:27:31.312 INFO  - microblaze_0 Processor is in use. Please stop existing Run or Debug sessions before launching. 
13:27:39.468 INFO  - microblaze_0 Processor is in use. Please stop existing Run or Debug sessions before launching. 
13:27:47.406 INFO  - microblaze_0 Processor is in use. Please stop existing Run or Debug sessions before launching. 
13:28:00.359 INFO  - microblaze_0 Processor is in use. Please stop existing Run or Debug sessions before launching. 
13:28:10.625 INFO  - microblaze_0 Processor is in use. Please stop existing Run or Debug sessions before launching. 
13:28:22.421 INFO  - microblaze_0 Processor is in use. Please stop existing Run or Debug sessions before launching. 
13:29:03.375 INFO  - microblaze_0 Processor is in use. Please stop existing Run or Debug sessions before launching. 
13:29:15.500 INFO  - microblaze_0 Processor is in use. Please stop existing Run or Debug sessions before launching. 
13:29:35.171 INFO  - microblaze_0 Processor is in use. Please stop existing Run or Debug sessions before launching. 
13:29:49.171 INFO  - microblaze_0 Processor is in use. Please stop existing Run or Debug sessions before launching. 
13:30:06.843 INFO  - microblaze_0 Processor is in use. Please stop existing Run or Debug sessions before launching. 
13:30:52.421 INFO  - microblaze_0 Processor is in use. Please stop existing Run or Debug sessions before launching. 
13:31:08.390 INFO  - microblaze_0 Processor is in use. Please stop existing Run or Debug sessions before launching. 
13:54:18.875 ERROR - Unable to disconnect from existing targets java.lang.NullPointerException
	at com.xilinx.sdk.targetmanager.internal.json.XMDJSONProcess.issueCommand(Unknown Source)
	at com.xilinx.sdk.targetmanager.internal.TM.disconnectTarget(Unknown Source)

13:54:18.890 ERROR - Unexpected error while parsing XMD response ?: com.google.gson.JsonSyntaxException: com.google.gson.stream.MalformedJsonException: invalid number or unquoted string near  
17:36:51.000 INFO  - Processing command line option -hwspec C:\Designs\INZ_19_01_max_freq_color_corrected_1xpixrate\INZ_19_01_max_freq_color_corrected\SDK\SDK_Export\hw\system.xml. 
17:38:46.968 INFO  - FPGA configured successfully with bitstream "C:/Designs/INZ_19_01_max_freq_color_corrected_1xpixrate/INZ_19_01_max_freq_color_corrected/SDK_WORKPLACE/Inzynierka_Adam_17_01_switchV2_hw_platform/download.bit" 
17:39:20.546 INFO  - microblaze_0 Processor is in use. Please stop existing Run or Debug sessions before launching. 
17:40:11.984 INFO  - microblaze_0 Processor is in use. Please stop existing Run or Debug sessions before launching. 
17:40:34.734 INFO  - microblaze_0 Processor is in use. Please stop existing Run or Debug sessions before launching. 
17:40:43.312 INFO  - microblaze_0 Processor is in use. Please stop existing Run or Debug sessions before launching. 
17:47:05.640 INFO  - microblaze_0 Processor is in use. Please stop existing Run or Debug sessions before launching. 
17:47:21.859 INFO  - microblaze_0 Processor is in use. Please stop existing Run or Debug sessions before launching. 
17:47:43.109 INFO  - microblaze_0 Processor is in use. Please stop existing Run or Debug sessions before launching. 
17:47:48.000 INFO  - microblaze_0 Processor is in use. Please stop existing Run or Debug sessions before launching. 
17:48:15.484 INFO  - microblaze_0 Processor is in use. Please stop existing Run or Debug sessions before launching. 
17:48:29.500 INFO  - microblaze_0 Processor is in use. Please stop existing Run or Debug sessions before launching. 
17:48:49.015 INFO  - microblaze_0 Processor is in use. Please stop existing Run or Debug sessions before launching. 
17:49:36.453 INFO  - microblaze_0 Processor is in use. Please stop existing Run or Debug sessions before launching. 
17:59:23.125 INFO  - microblaze_0 Processor is in use. Please stop existing Run or Debug sessions before launching. 
18:00:18.781 INFO  - microblaze_0 Processor is in use. Please stop existing Run or Debug sessions before launching. 
18:35:02.984 INFO  - FPGA Cable Disconnected. All active launches will be terminated. 
18:35:02.984 WARN  - Terminating existing sessions on processor microblaze_0 
18:36:04.265 INFO  - microblaze_0 Processor is in use. Please stop existing Run or Debug sessions before launching. 
18:36:23.390 INFO  - microblaze_0 Processor is in use. Please stop existing Run or Debug sessions before launching. 
18:36:52.468 INFO  - microblaze_0 Processor is in use. Please stop existing Run or Debug sessions before launching. 
18:37:38.046 INFO  - microblaze_0 Processor is in use. Please stop existing Run or Debug sessions before launching. 
18:38:10.203 ERROR - Checking FPGA configuration failed..Connection to Board Failed


    Failed to connect to Xilinx hw_server. Check if the
    hw_server is running and correct TCP port is used.
 
18:38:31.328 INFO  - microblaze_0 Processor is in use. Please stop existing Run or Debug sessions before launching. 
18:40:48.296 INFO  - microblaze_0 Processor is in use. Please stop existing Run or Debug sessions before launching. 
18:41:00.187 INFO  - microblaze_0 Processor is in use. Please stop existing Run or Debug sessions before launching. 
18:41:13.796 INFO  - microblaze_0 Processor is in use. Please stop existing Run or Debug sessions before launching. 
18:42:20.671 INFO  - microblaze_0 Processor is in use. Please stop existing Run or Debug sessions before launching. 
18:42:36.515 INFO  - microblaze_0 Processor is in use. Please stop existing Run or Debug sessions before launching. 
18:42:56.078 INFO  - microblaze_0 Processor is in use. Please stop existing Run or Debug sessions before launching. 
18:48:42.171 INFO  - microblaze_0 Processor is in use. Please stop existing Run or Debug sessions before launching. 
18:49:31.734 INFO  - microblaze_0 Processor is in use. Please stop existing Run or Debug sessions before launching. 
18:49:41.031 INFO  - microblaze_0 Processor is in use. Please stop existing Run or Debug sessions before launching. 
18:49:50.328 INFO  - microblaze_0 Processor is in use. Please stop existing Run or Debug sessions before launching. 
18:50:25.562 INFO  - microblaze_0 Processor is in use. Please stop existing Run or Debug sessions before launching. 
18:50:35.406 INFO  - microblaze_0 Processor is in use. Please stop existing Run or Debug sessions before launching. 
18:50:43.609 INFO  - microblaze_0 Processor is in use. Please stop existing Run or Debug sessions before launching. 
18:50:53.453 INFO  - microblaze_0 Processor is in use. Please stop existing Run or Debug sessions before launching. 
18:51:05.937 INFO  - microblaze_0 Processor is in use. Please stop existing Run or Debug sessions before launching. 
18:51:16.328 INFO  - microblaze_0 Processor is in use. Please stop existing Run or Debug sessions before launching. 
18:51:24.093 INFO  - microblaze_0 Processor is in use. Please stop existing Run or Debug sessions before launching. 
18:51:32.093 INFO  - microblaze_0 Processor is in use. Please stop existing Run or Debug sessions before launching. 
18:51:46.968 INFO  - microblaze_0 Processor is in use. Please stop existing Run or Debug sessions before launching. 
18:51:56.921 INFO  - microblaze_0 Processor is in use. Please stop existing Run or Debug sessions before launching. 
18:52:03.578 INFO  - microblaze_0 Processor is in use. Please stop existing Run or Debug sessions before launching. 
18:52:13.000 INFO  - microblaze_0 Processor is in use. Please stop existing Run or Debug sessions before launching. 
18:52:19.656 INFO  - microblaze_0 Processor is in use. Please stop existing Run or Debug sessions before launching. 
18:52:34.625 INFO  - microblaze_0 Processor is in use. Please stop existing Run or Debug sessions before launching. 
18:52:46.203 INFO  - microblaze_0 Processor is in use. Please stop existing Run or Debug sessions before launching. 
18:52:59.781 INFO  - microblaze_0 Processor is in use. Please stop existing Run or Debug sessions before launching. 
18:53:12.031 INFO  - microblaze_0 Processor is in use. Please stop existing Run or Debug sessions before launching. 
18:53:25.265 INFO  - microblaze_0 Processor is in use. Please stop existing Run or Debug sessions before launching. 
18:53:34.015 INFO  - microblaze_0 Processor is in use. Please stop existing Run or Debug sessions before launching. 
18:53:45.187 INFO  - microblaze_0 Processor is in use. Please stop existing Run or Debug sessions before launching. 
18:56:23.593 ERROR - Unable to disconnect from existing targets java.lang.NullPointerException
	at com.xilinx.sdk.targetmanager.internal.json.XMDJSONProcess.issueCommand(Unknown Source)
	at com.xilinx.sdk.targetmanager.internal.TM.disconnectTarget(Unknown Source)

18:56:23.609 ERROR - Unexpected error while parsing XMD response ?: com.google.gson.JsonSyntaxException: com.google.gson.stream.MalformedJsonException: invalid number or unquoted string near  
21:05:36.656 INFO  - Processing command line option -hwspec C:\Designs\19_01_picture_synth\19_01_picture\SDK\SDK_Export\hw\system.xml. 
21:08:47.515 INFO  - FPGA configured successfully with bitstream "C:/Designs/19_01_picture_synth/19_01_picture/SDK_WORKPLACE/Inzynierka_Adam_17_01_switchV2_hw_platform/download.bit" 
21:09:02.171 INFO  - FPGA configured successfully with bitstream "C:/Designs/19_01_picture_synth/19_01_picture/SDK_WORKPLACE/Inzynierka_Adam_17_01_switchV2_hw_platform/download.bit" 
21:10:01.437 ERROR - Checking FPGA configuration failed..Connection to Board Failed


    Failed to connect to Xilinx hw_server. Check if the
    hw_server is running and correct TCP port is used.
 
21:10:08.375 ERROR - Checking FPGA configuration failed..Connection to Board Failed


    Failed to connect to Xilinx hw_server. Check if the
    hw_server is running and correct TCP port is used.
 
21:10:32.375 INFO  - FPGA configured successfully with bitstream "C:/Designs/19_01_picture_synth/19_01_picture/SDK_WORKPLACE/Inzynierka_Adam_17_01_switchV2_hw_platform/download.bit" 
21:10:59.000 INFO  - microblaze_0 Processor is in use. Please stop existing Run or Debug sessions before launching. 
21:11:45.406 INFO  - microblaze_0 Processor is in use. Please stop existing Run or Debug sessions before launching. 
21:12:40.406 INFO  - microblaze_0 Processor is in use. Please stop existing Run or Debug sessions before launching. 
21:12:49.812 INFO  - microblaze_0 Processor is in use. Please stop existing Run or Debug sessions before launching. 
21:12:58.343 INFO  - microblaze_0 Processor is in use. Please stop existing Run or Debug sessions before launching. 
21:13:19.937 INFO  - microblaze_0 Processor is in use. Please stop existing Run or Debug sessions before launching. 
21:13:29.328 WARN  - Terminating existing sessions on processor microblaze_0 
21:13:41.171 INFO  - FPGA configured successfully with bitstream "C:/Designs/19_01_picture_synth/19_01_picture/SDK_WORKPLACE/Inzynierka_Adam_17_01_switchV2_hw_platform/download.bit" 
21:14:52.640 INFO  - FPGA configured successfully with bitstream "C:/Designs/19_01_picture_synth/19_01_picture/SDK_WORKPLACE/Inzynierka_Adam_17_01_switchV2_hw_platform/download.bit" 
21:18:34.234 INFO  - microblaze_0 Processor is in use. Please stop existing Run or Debug sessions before launching. 
21:18:49.734 INFO  - microblaze_0 Processor is in use. Please stop existing Run or Debug sessions before launching. 
21:19:09.515 INFO  - microblaze_0 Processor is in use. Please stop existing Run or Debug sessions before launching. 
21:19:25.125 INFO  - microblaze_0 Processor is in use. Please stop existing Run or Debug sessions before launching. 
21:19:38.890 INFO  - microblaze_0 Processor is in use. Please stop existing Run or Debug sessions before launching. 
21:23:01.187 INFO  - microblaze_0 Processor is in use. Please stop existing Run or Debug sessions before launching. 
21:23:13.281 INFO  - microblaze_0 Processor is in use. Please stop existing Run or Debug sessions before launching. 
21:23:32.078 INFO  - microblaze_0 Processor is in use. Please stop existing Run or Debug sessions before launching. 
21:23:39.328 INFO  - microblaze_0 Processor is in use. Please stop existing Run or Debug sessions before launching. 
21:29:29.406 ERROR - Unable to disconnect from existing targets java.lang.NullPointerException
	at com.xilinx.sdk.targetmanager.internal.json.XMDJSONProcess.issueCommand(Unknown Source)
	at com.xilinx.sdk.targetmanager.internal.TM.disconnectTarget(Unknown Source)

21:29:29.421 ERROR - Unexpected error while parsing XMD response ?: com.google.gson.JsonSyntaxException: com.google.gson.stream.MalformedJsonException: invalid number or unquoted string near  
12:14:35.734 INFO  - Processing command line option -hwspec C:\Designs\20_01_picture_syunth\20_01_picture\SDK\SDK_Export\hw\system.xml. 
12:17:31.265 INFO  - FPGA configured successfully with bitstream "C:/Designs/20_01_picture_syunth/20_01_picture/SDK_WORKPLACE/Inzynierka_Adam_17_01_switchV2_hw_platform/download.bit" 
12:21:25.203 INFO  - microblaze_0 Processor is in use. Please stop existing Run or Debug sessions before launching. 
12:22:22.953 INFO  - FPGA configured successfully with bitstream "C:/Designs/20_01_picture_syunth/20_01_picture/SDK_WORKPLACE/Inzynierka_Adam_17_01_switchV2_hw_platform/download.bit" 
12:22:43.890 INFO  - FPGA configured successfully with bitstream "C:/Designs/20_01_picture_syunth/20_01_picture/SDK_WORKPLACE/Inzynierka_Adam_17_01_switchV2_hw_platform/download.bit" 
12:23:24.796 INFO  - microblaze_0 Processor is in use. Please stop existing Run or Debug sessions before launching. 
12:23:35.390 INFO  - microblaze_0 Processor is in use. Please stop existing Run or Debug sessions before launching. 
12:27:35.062 INFO  - microblaze_0 Processor is in use. Please stop existing Run or Debug sessions before launching. 
12:28:00.437 INFO  - microblaze_0 Processor is in use. Please stop existing Run or Debug sessions before launching. 
12:36:46.562 INFO  - microblaze_0 Processor is in use. Please stop existing Run or Debug sessions before launching. 
12:37:38.875 INFO  - microblaze_0 Processor is in use. Please stop existing Run or Debug sessions before launching. 
12:37:55.812 INFO  - microblaze_0 Processor is in use. Please stop existing Run or Debug sessions before launching. 
12:38:50.906 INFO  - microblaze_0 Processor is in use. Please stop existing Run or Debug sessions before launching. 
12:39:07.421 INFO  - microblaze_0 Processor is in use. Please stop existing Run or Debug sessions before launching. 
12:46:38.406 INFO  - microblaze_0 Processor is in use. Please stop existing Run or Debug sessions before launching. 
12:47:02.640 INFO  - microblaze_0 Processor is in use. Please stop existing Run or Debug sessions before launching. 
12:47:18.609 INFO  - microblaze_0 Processor is in use. Please stop existing Run or Debug sessions before launching. 
12:47:32.281 INFO  - microblaze_0 Processor is in use. Please stop existing Run or Debug sessions before launching. 
12:48:34.828 ERROR - Unable to disconnect from existing targets java.lang.NullPointerException
	at com.xilinx.sdk.targetmanager.internal.json.XMDJSONProcess.issueCommand(Unknown Source)
	at com.xilinx.sdk.targetmanager.internal.TM.disconnectTarget(Unknown Source)

12:48:34.828 ERROR - Unexpected error while parsing XMD response ?: com.google.gson.JsonSyntaxException: com.google.gson.stream.MalformedJsonException: invalid number or unquoted string near  
